
*** Running vivado
    with args -log system_wrapper.vds -m64 -product Vivado -mode batch -messageDb vivado.pb -notrace -source system_wrapper.tcl


****** Vivado v2018.2 (64-bit)
  **** SW Build 2258646 on Thu Jun 14 20:03:12 MDT 2018
  **** IP Build 2256618 on Thu Jun 14 22:10:49 MDT 2018
    ** Copyright 1986-2018 Xilinx, Inc. All Rights Reserved.

source system_wrapper.tcl -notrace
INFO: [IP_Flow 19-234] Refreshing IP repositories
INFO: [IP_Flow 19-1700] Loaded user IP repository 'e:/Desktop/night0717/spartan_cam/ip'.
WARNING: [IP_Flow 19-2248] Failed to load user IP repository 'e:/Desktop/night0717/spartan_cam/color/Digital-Design-Lab-master/Chapter_16/Ball_Tracking/IP_Catalog'; Can't find the specified path.
If this directory should no longer be in your list of user repositories, go to the IP Settings dialog and remove it.
INFO: [IP_Flow 19-1700] Loaded user IP repository 'e:/Desktop/night0717/QRscan/solution1/impl/ip'.
INFO: [IP_Flow 19-1700] Loaded user IP repository 'e:/Desktop/night0717/led'.
INFO: [IP_Flow 19-1700] Loaded user IP repository 'e:/Desktop/night0717/Write_ram/Write_ram.srcs/sources_1/new'.
INFO: [IP_Flow 19-2313] Loaded Vivado IP repository 'D:/xilinx/Vivado/2018.2/data/ip'.
add_files: Time (s): cpu = 00:00:06 ; elapsed = 00:00:09 . Memory (MB): peak = 294.555 ; gain = 54.176
Command: synth_design -top system_wrapper -part xc7s15ftgb196-1
Starting synth_design
Attempting to get a license for feature 'Synthesis' and/or device 'xc7s15'
INFO: [Common 17-349] Got license for feature 'Synthesis' and/or device 'xc7s15'
INFO: Launching helper process for spawning children vivado processes
INFO: Helper process launched with PID 14076 
---------------------------------------------------------------------------------
Starting RTL Elaboration : Time (s): cpu = 00:00:04 ; elapsed = 00:00:04 . Memory (MB): peak = 408.336 ; gain = 103.680
---------------------------------------------------------------------------------
INFO: [Synth 8-6157] synthesizing module 'system_wrapper' [E:/Desktop/night0717/spartan_cam/spartan_cam.srcs/sources_1/bd/system/hdl/system_wrapper.v:12]
INFO: [Synth 8-6157] synthesizing module 'IOBUF' [D:/xilinx/Vivado/2018.2/scripts/rt/data/unisim_comp.v:22660]
	Parameter DRIVE bound to: 12 - type: integer 
	Parameter IBUF_LOW_PWR bound to: TRUE - type: string 
	Parameter IOSTANDARD bound to: DEFAULT - type: string 
	Parameter SLEW bound to: SLOW - type: string 
INFO: [Synth 8-6155] done synthesizing module 'IOBUF' (1#1) [D:/xilinx/Vivado/2018.2/scripts/rt/data/unisim_comp.v:22660]
INFO: [Synth 8-6157] synthesizing module 'system' [E:/Desktop/night0717/spartan_cam/spartan_cam.srcs/sources_1/bd/system/synth/system.v:379]
INFO: [Synth 8-6157] synthesizing module 'system_QR_scan_0_0' [E:/Desktop/night0717/spartan_cam/spartan_cam.runs/synth_1/.Xil/Vivado-7832-PC_Dai/realtime/system_QR_scan_0_0_stub.v:6]
INFO: [Synth 8-6155] done synthesizing module 'system_QR_scan_0_0' (2#1) [E:/Desktop/night0717/spartan_cam/spartan_cam.runs/synth_1/.Xil/Vivado-7832-PC_Dai/realtime/system_QR_scan_0_0_stub.v:6]
WARNING: [Synth 8-350] instance 'QR_scan_0' of module 'system_QR_scan_0_0' requires 10 connections, but only 7 given [E:/Desktop/night0717/spartan_cam/spartan_cam.srcs/sources_1/bd/system/synth/system.v:580]
INFO: [Synth 8-6157] synthesizing module 'system_axi_iic_0_0' [E:/Desktop/night0717/spartan_cam/spartan_cam.runs/synth_1/.Xil/Vivado-7832-PC_Dai/realtime/system_axi_iic_0_0_stub.v:6]
INFO: [Synth 8-6155] done synthesizing module 'system_axi_iic_0_0' (3#1) [E:/Desktop/night0717/spartan_cam/spartan_cam.runs/synth_1/.Xil/Vivado-7832-PC_Dai/realtime/system_axi_iic_0_0_stub.v:6]
WARNING: [Synth 8-350] instance 'axi_iic_0' of module 'system_axi_iic_0_0' requires 27 connections, but only 25 given [E:/Desktop/night0717/spartan_cam/spartan_cam.srcs/sources_1/bd/system/synth/system.v:588]
INFO: [Synth 8-6157] synthesizing module 'system_blk_mem_gen_0_0' [E:/Desktop/night0717/spartan_cam/spartan_cam.runs/synth_1/.Xil/Vivado-7832-PC_Dai/realtime/system_blk_mem_gen_0_0_stub.v:6]
INFO: [Synth 8-6155] done synthesizing module 'system_blk_mem_gen_0_0' (4#1) [E:/Desktop/night0717/spartan_cam/spartan_cam.runs/synth_1/.Xil/Vivado-7832-PC_Dai/realtime/system_blk_mem_gen_0_0_stub.v:6]
INFO: [Synth 8-6157] synthesizing module 'system_clk_wiz_0_1' [E:/Desktop/night0717/spartan_cam/spartan_cam.runs/synth_1/.Xil/Vivado-7832-PC_Dai/realtime/system_clk_wiz_0_1_stub.v:5]
INFO: [Synth 8-6155] done synthesizing module 'system_clk_wiz_0_1' (5#1) [E:/Desktop/night0717/spartan_cam/spartan_cam.runs/synth_1/.Xil/Vivado-7832-PC_Dai/realtime/system_clk_wiz_0_1_stub.v:5]
INFO: [Synth 8-6157] synthesizing module 'system_clk_wiz_1_0' [E:/Desktop/night0717/spartan_cam/spartan_cam.runs/synth_1/.Xil/Vivado-7832-PC_Dai/realtime/system_clk_wiz_1_0_stub.v:5]
INFO: [Synth 8-6155] done synthesizing module 'system_clk_wiz_1_0' (6#1) [E:/Desktop/night0717/spartan_cam/spartan_cam.runs/synth_1/.Xil/Vivado-7832-PC_Dai/realtime/system_clk_wiz_1_0_stub.v:5]
INFO: [Synth 8-6157] synthesizing module 'system_csi2_d_phy_rx_0_1' [E:/Desktop/night0717/spartan_cam/spartan_cam.runs/synth_1/.Xil/Vivado-7832-PC_Dai/realtime/system_csi2_d_phy_rx_0_1_stub.v:6]
INFO: [Synth 8-6155] done synthesizing module 'system_csi2_d_phy_rx_0_1' (7#1) [E:/Desktop/night0717/spartan_cam/spartan_cam.runs/synth_1/.Xil/Vivado-7832-PC_Dai/realtime/system_csi2_d_phy_rx_0_1_stub.v:6]
WARNING: [Synth 8-350] instance 'csi2_d_phy_rx_0' of module 'system_csi2_d_phy_rx_0_1' requires 33 connections, but only 25 given [E:/Desktop/night0717/spartan_cam/spartan_cam.srcs/sources_1/bd/system/synth/system.v:631]
INFO: [Synth 8-6157] synthesizing module 'system_csi2dvp_0_0' [E:/Desktop/night0717/spartan_cam/spartan_cam.runs/synth_1/.Xil/Vivado-7832-PC_Dai/realtime/system_csi2dvp_0_0_stub.v:6]
INFO: [Synth 8-6155] done synthesizing module 'system_csi2dvp_0_0' (8#1) [E:/Desktop/night0717/spartan_cam/spartan_cam.runs/synth_1/.Xil/Vivado-7832-PC_Dai/realtime/system_csi2dvp_0_0_stub.v:6]
INFO: [Synth 8-6157] synthesizing module 'system_csi_to_axis_0_1' [E:/Desktop/night0717/spartan_cam/spartan_cam.runs/synth_1/.Xil/Vivado-7832-PC_Dai/realtime/system_csi_to_axis_0_1_stub.v:6]
INFO: [Synth 8-6155] done synthesizing module 'system_csi_to_axis_0_1' (9#1) [E:/Desktop/night0717/spartan_cam/spartan_cam.runs/synth_1/.Xil/Vivado-7832-PC_Dai/realtime/system_csi_to_axis_0_1_stub.v:6]
INFO: [Synth 8-6157] synthesizing module 'system_led_0_0' [E:/Desktop/night0717/spartan_cam/spartan_cam.runs/synth_1/.Xil/Vivado-7832-PC_Dai/realtime/system_led_0_0_stub.v:6]
INFO: [Synth 8-6155] done synthesizing module 'system_led_0_0' (10#1) [E:/Desktop/night0717/spartan_cam/spartan_cam.runs/synth_1/.Xil/Vivado-7832-PC_Dai/realtime/system_led_0_0_stub.v:6]
INFO: [Synth 8-6157] synthesizing module 'system_mdm_1_0' [E:/Desktop/night0717/spartan_cam/spartan_cam.runs/synth_1/.Xil/Vivado-7832-PC_Dai/realtime/system_mdm_1_0_stub.v:6]
INFO: [Synth 8-6155] done synthesizing module 'system_mdm_1_0' (11#1) [E:/Desktop/night0717/spartan_cam/spartan_cam.runs/synth_1/.Xil/Vivado-7832-PC_Dai/realtime/system_mdm_1_0_stub.v:6]
INFO: [Synth 8-6157] synthesizing module 'system_microblaze_0_0' [E:/Desktop/night0717/spartan_cam/spartan_cam.runs/synth_1/.Xil/Vivado-7832-PC_Dai/realtime/system_microblaze_0_0_stub.v:6]
INFO: [Synth 8-6155] done synthesizing module 'system_microblaze_0_0' (12#1) [E:/Desktop/night0717/spartan_cam/spartan_cam.runs/synth_1/.Xil/Vivado-7832-PC_Dai/realtime/system_microblaze_0_0_stub.v:6]
WARNING: [Synth 8-350] instance 'microblaze_0' of module 'system_microblaze_0_0' requires 52 connections, but only 49 given [E:/Desktop/night0717/spartan_cam/spartan_cam.srcs/sources_1/bd/system/synth/system.v:714]
INFO: [Synth 8-6157] synthesizing module 'system_microblaze_0_axi_periph_0' [E:/Desktop/night0717/spartan_cam/spartan_cam.srcs/sources_1/bd/system/synth/system.v:872]
INFO: [Synth 8-6157] synthesizing module 's00_couplers_imp_1LZPV07' [E:/Desktop/night0717/spartan_cam/spartan_cam.srcs/sources_1/bd/system/synth/system.v:246]
INFO: [Synth 8-6155] done synthesizing module 's00_couplers_imp_1LZPV07' (13#1) [E:/Desktop/night0717/spartan_cam/spartan_cam.srcs/sources_1/bd/system/synth/system.v:246]
INFO: [Synth 8-6155] done synthesizing module 'system_microblaze_0_axi_periph_0' (14#1) [E:/Desktop/night0717/spartan_cam/spartan_cam.srcs/sources_1/bd/system/synth/system.v:872]
INFO: [Synth 8-6157] synthesizing module 'microblaze_0_local_memory_imp_OGE0N8' [E:/Desktop/night0717/spartan_cam/spartan_cam.srcs/sources_1/bd/system/synth/system.v:12]
INFO: [Synth 8-6157] synthesizing module 'system_dlmb_bram_if_cntlr_0' [E:/Desktop/night0717/spartan_cam/spartan_cam.runs/synth_1/.Xil/Vivado-7832-PC_Dai/realtime/system_dlmb_bram_if_cntlr_0_stub.v:6]
INFO: [Synth 8-6155] done synthesizing module 'system_dlmb_bram_if_cntlr_0' (15#1) [E:/Desktop/night0717/spartan_cam/spartan_cam.runs/synth_1/.Xil/Vivado-7832-PC_Dai/realtime/system_dlmb_bram_if_cntlr_0_stub.v:6]
INFO: [Synth 8-6157] synthesizing module 'system_dlmb_v10_0' [E:/Desktop/night0717/spartan_cam/spartan_cam.runs/synth_1/.Xil/Vivado-7832-PC_Dai/realtime/system_dlmb_v10_0_stub.v:6]
INFO: [Synth 8-6155] done synthesizing module 'system_dlmb_v10_0' (16#1) [E:/Desktop/night0717/spartan_cam/spartan_cam.runs/synth_1/.Xil/Vivado-7832-PC_Dai/realtime/system_dlmb_v10_0_stub.v:6]
WARNING: [Synth 8-350] instance 'dlmb_v10' of module 'system_dlmb_v10_0' requires 25 connections, but only 24 given [E:/Desktop/night0717/spartan_cam/spartan_cam.srcs/sources_1/bd/system/synth/system.v:158]
INFO: [Synth 8-6157] synthesizing module 'system_ilmb_bram_if_cntlr_0' [E:/Desktop/night0717/spartan_cam/spartan_cam.runs/synth_1/.Xil/Vivado-7832-PC_Dai/realtime/system_ilmb_bram_if_cntlr_0_stub.v:6]
INFO: [Synth 8-6155] done synthesizing module 'system_ilmb_bram_if_cntlr_0' (17#1) [E:/Desktop/night0717/spartan_cam/spartan_cam.runs/synth_1/.Xil/Vivado-7832-PC_Dai/realtime/system_ilmb_bram_if_cntlr_0_stub.v:6]
INFO: [Synth 8-6157] synthesizing module 'system_ilmb_v10_0' [E:/Desktop/night0717/spartan_cam/spartan_cam.runs/synth_1/.Xil/Vivado-7832-PC_Dai/realtime/system_ilmb_v10_0_stub.v:6]
INFO: [Synth 8-6155] done synthesizing module 'system_ilmb_v10_0' (18#1) [E:/Desktop/night0717/spartan_cam/spartan_cam.runs/synth_1/.Xil/Vivado-7832-PC_Dai/realtime/system_ilmb_v10_0_stub.v:6]
WARNING: [Synth 8-350] instance 'ilmb_v10' of module 'system_ilmb_v10_0' requires 25 connections, but only 24 given [E:/Desktop/night0717/spartan_cam/spartan_cam.srcs/sources_1/bd/system/synth/system.v:204]
INFO: [Synth 8-6157] synthesizing module 'system_lmb_bram_0' [E:/Desktop/night0717/spartan_cam/spartan_cam.runs/synth_1/.Xil/Vivado-7832-PC_Dai/realtime/system_lmb_bram_0_stub.v:6]
INFO: [Synth 8-6155] done synthesizing module 'system_lmb_bram_0' (19#1) [E:/Desktop/night0717/spartan_cam/spartan_cam.runs/synth_1/.Xil/Vivado-7832-PC_Dai/realtime/system_lmb_bram_0_stub.v:6]
WARNING: [Synth 8-350] instance 'lmb_bram' of module 'system_lmb_bram_0' requires 16 connections, but only 14 given [E:/Desktop/night0717/spartan_cam/spartan_cam.srcs/sources_1/bd/system/synth/system.v:229]
INFO: [Synth 8-6155] done synthesizing module 'microblaze_0_local_memory_imp_OGE0N8' (20#1) [E:/Desktop/night0717/spartan_cam/spartan_cam.srcs/sources_1/bd/system/synth/system.v:12]
INFO: [Synth 8-6157] synthesizing module 'system_rgb2dvi_0_1' [E:/Desktop/night0717/spartan_cam/spartan_cam.runs/synth_1/.Xil/Vivado-7832-PC_Dai/realtime/system_rgb2dvi_0_1_stub.v:6]
INFO: [Synth 8-6155] done synthesizing module 'system_rgb2dvi_0_1' (21#1) [E:/Desktop/night0717/spartan_cam/spartan_cam.runs/synth_1/.Xil/Vivado-7832-PC_Dai/realtime/system_rgb2dvi_0_1_stub.v:6]
INFO: [Synth 8-6157] synthesizing module 'system_rst_clk_wiz_0_200M_0' [E:/Desktop/night0717/spartan_cam/spartan_cam.runs/synth_1/.Xil/Vivado-7832-PC_Dai/realtime/system_rst_clk_wiz_0_200M_0_stub.v:6]
INFO: [Synth 8-6155] done synthesizing module 'system_rst_clk_wiz_0_200M_0' (22#1) [E:/Desktop/night0717/spartan_cam/spartan_cam.runs/synth_1/.Xil/Vivado-7832-PC_Dai/realtime/system_rst_clk_wiz_0_200M_0_stub.v:6]
WARNING: [Synth 8-350] instance 'rst_clk_wiz_0_200M' of module 'system_rst_clk_wiz_0_200M_0' requires 10 connections, but only 9 given [E:/Desktop/night0717/spartan_cam/spartan_cam.srcs/sources_1/bd/system/synth/system.v:839]
INFO: [Synth 8-6157] synthesizing module 'system_write_0_0' [E:/Desktop/night0717/spartan_cam/spartan_cam.runs/synth_1/.Xil/Vivado-7832-PC_Dai/realtime/system_write_0_0_stub.v:6]
INFO: [Synth 8-6155] done synthesizing module 'system_write_0_0' (23#1) [E:/Desktop/night0717/spartan_cam/spartan_cam.runs/synth_1/.Xil/Vivado-7832-PC_Dai/realtime/system_write_0_0_stub.v:6]
INFO: [Synth 8-6157] synthesizing module 'system_xlconstant_0_0' [E:/Desktop/night0717/spartan_cam/spartan_cam.runs/synth_1/.Xil/Vivado-7832-PC_Dai/realtime/system_xlconstant_0_0_stub.v:6]
INFO: [Synth 8-6155] done synthesizing module 'system_xlconstant_0_0' (24#1) [E:/Desktop/night0717/spartan_cam/spartan_cam.runs/synth_1/.Xil/Vivado-7832-PC_Dai/realtime/system_xlconstant_0_0_stub.v:6]
INFO: [Synth 8-6157] synthesizing module 'system_xlconstant_1_0' [E:/Desktop/night0717/spartan_cam/spartan_cam.runs/synth_1/.Xil/Vivado-7832-PC_Dai/realtime/system_xlconstant_1_0_stub.v:6]
INFO: [Synth 8-6155] done synthesizing module 'system_xlconstant_1_0' (25#1) [E:/Desktop/night0717/spartan_cam/spartan_cam.runs/synth_1/.Xil/Vivado-7832-PC_Dai/realtime/system_xlconstant_1_0_stub.v:6]
INFO: [Synth 8-6157] synthesizing module 'system_xlconstant_2_0' [E:/Desktop/night0717/spartan_cam/spartan_cam.runs/synth_1/.Xil/Vivado-7832-PC_Dai/realtime/system_xlconstant_2_0_stub.v:6]
INFO: [Synth 8-6155] done synthesizing module 'system_xlconstant_2_0' (26#1) [E:/Desktop/night0717/spartan_cam/spartan_cam.runs/synth_1/.Xil/Vivado-7832-PC_Dai/realtime/system_xlconstant_2_0_stub.v:6]
INFO: [Synth 8-6155] done synthesizing module 'system' (27#1) [E:/Desktop/night0717/spartan_cam/spartan_cam.srcs/sources_1/bd/system/synth/system.v:379]
INFO: [Synth 8-6155] done synthesizing module 'system_wrapper' (28#1) [E:/Desktop/night0717/spartan_cam/spartan_cam.srcs/sources_1/bd/system/hdl/system_wrapper.v:12]
WARNING: [Synth 8-3331] design s00_couplers_imp_1LZPV07 has unconnected port M_ACLK
WARNING: [Synth 8-3331] design s00_couplers_imp_1LZPV07 has unconnected port M_ARESETN
WARNING: [Synth 8-3331] design s00_couplers_imp_1LZPV07 has unconnected port S_ACLK
WARNING: [Synth 8-3331] design s00_couplers_imp_1LZPV07 has unconnected port S_ARESETN
WARNING: [Synth 8-3331] design system_microblaze_0_axi_periph_0 has unconnected port ACLK
WARNING: [Synth 8-3331] design system_microblaze_0_axi_periph_0 has unconnected port ARESETN
---------------------------------------------------------------------------------
Finished RTL Elaboration : Time (s): cpu = 00:00:05 ; elapsed = 00:00:05 . Memory (MB): peak = 463.039 ; gain = 158.383
---------------------------------------------------------------------------------

Report Check Netlist: 
+------+------------------+-------+---------+-------+------------------+
|      |Item              |Errors |Warnings |Status |Description       |
+------+------------------+-------+---------+-------+------------------+
|1     |multi_driven_nets |      0|        0|Passed |Multi driven nets |
+------+------------------+-------+---------+-------+------------------+
---------------------------------------------------------------------------------
Start Handling Custom Attributes
---------------------------------------------------------------------------------
---------------------------------------------------------------------------------
Finished Handling Custom Attributes : Time (s): cpu = 00:00:05 ; elapsed = 00:00:05 . Memory (MB): peak = 463.039 ; gain = 158.383
---------------------------------------------------------------------------------
---------------------------------------------------------------------------------
Finished RTL Optimization Phase 1 : Time (s): cpu = 00:00:05 ; elapsed = 00:00:05 . Memory (MB): peak = 463.039 ; gain = 158.383
---------------------------------------------------------------------------------
INFO: [Netlist 29-17] Analyzing 2 Unisim elements for replacement
INFO: [Netlist 29-28] Unisim Transformation completed in 0 CPU seconds
INFO: [Device 21-403] Loading part xc7s15ftgb196-1
INFO: [Project 1-570] Preparing netlist for logic optimization

Processing XDC Constraints
Initializing timing engine
Parsing XDC File [e:/Desktop/night0717/spartan_cam/spartan_cam.srcs/sources_1/bd/system/ip/system_clk_wiz_0_1/system_clk_wiz_0_1/system_clk_wiz_0_1_in_context.xdc] for cell 'system_i/clk_wiz_0'
Finished Parsing XDC File [e:/Desktop/night0717/spartan_cam/spartan_cam.srcs/sources_1/bd/system/ip/system_clk_wiz_0_1/system_clk_wiz_0_1/system_clk_wiz_0_1_in_context.xdc] for cell 'system_i/clk_wiz_0'
Parsing XDC File [e:/Desktop/night0717/spartan_cam/spartan_cam.srcs/sources_1/bd/system/ip/system_xlconstant_0_0/system_xlconstant_0_0/system_xlconstant_0_0_in_context.xdc] for cell 'system_i/xlconstant_0'
Finished Parsing XDC File [e:/Desktop/night0717/spartan_cam/spartan_cam.srcs/sources_1/bd/system/ip/system_xlconstant_0_0/system_xlconstant_0_0/system_xlconstant_0_0_in_context.xdc] for cell 'system_i/xlconstant_0'
Parsing XDC File [e:/Desktop/night0717/spartan_cam/spartan_cam.srcs/sources_1/bd/system/ip/system_csi2_d_phy_rx_0_1/system_csi2_d_phy_rx_0_1/system_csi2_d_phy_rx_0_1_in_context.xdc] for cell 'system_i/csi2_d_phy_rx_0'
Finished Parsing XDC File [e:/Desktop/night0717/spartan_cam/spartan_cam.srcs/sources_1/bd/system/ip/system_csi2_d_phy_rx_0_1/system_csi2_d_phy_rx_0_1/system_csi2_d_phy_rx_0_1_in_context.xdc] for cell 'system_i/csi2_d_phy_rx_0'
Parsing XDC File [e:/Desktop/night0717/spartan_cam/spartan_cam.srcs/sources_1/bd/system/ip/system_csi_to_axis_0_1/system_csi_to_axis_0_1/system_csi_to_axis_0_1_in_context.xdc] for cell 'system_i/csi_to_axis_0'
Finished Parsing XDC File [e:/Desktop/night0717/spartan_cam/spartan_cam.srcs/sources_1/bd/system/ip/system_csi_to_axis_0_1/system_csi_to_axis_0_1/system_csi_to_axis_0_1_in_context.xdc] for cell 'system_i/csi_to_axis_0'
Parsing XDC File [e:/Desktop/night0717/spartan_cam/spartan_cam.srcs/sources_1/bd/system/ip/system_microblaze_0_0/system_microblaze_0_0/system_microblaze_0_0_in_context.xdc] for cell 'system_i/microblaze_0'
Finished Parsing XDC File [e:/Desktop/night0717/spartan_cam/spartan_cam.srcs/sources_1/bd/system/ip/system_microblaze_0_0/system_microblaze_0_0/system_microblaze_0_0_in_context.xdc] for cell 'system_i/microblaze_0'
Parsing XDC File [e:/Desktop/night0717/spartan_cam/spartan_cam.srcs/sources_1/bd/system/ip/system_mdm_1_0/system_mdm_1_0/system_mdm_1_0_in_context.xdc] for cell 'system_i/mdm_1'
Finished Parsing XDC File [e:/Desktop/night0717/spartan_cam/spartan_cam.srcs/sources_1/bd/system/ip/system_mdm_1_0/system_mdm_1_0/system_mdm_1_0_in_context.xdc] for cell 'system_i/mdm_1'
Parsing XDC File [e:/Desktop/night0717/spartan_cam/spartan_cam.srcs/sources_1/bd/system/ip/system_rst_clk_wiz_0_200M_0/system_rst_clk_wiz_0_200M_0/system_rst_clk_wiz_0_200M_0_in_context.xdc] for cell 'system_i/rst_clk_wiz_0_200M'
Finished Parsing XDC File [e:/Desktop/night0717/spartan_cam/spartan_cam.srcs/sources_1/bd/system/ip/system_rst_clk_wiz_0_200M_0/system_rst_clk_wiz_0_200M_0/system_rst_clk_wiz_0_200M_0_in_context.xdc] for cell 'system_i/rst_clk_wiz_0_200M'
Parsing XDC File [e:/Desktop/night0717/spartan_cam/spartan_cam.srcs/sources_1/bd/system/ip/system_dlmb_v10_0/system_dlmb_v10_0/system_dlmb_v10_0_in_context.xdc] for cell 'system_i/microblaze_0_local_memory/dlmb_v10'
Finished Parsing XDC File [e:/Desktop/night0717/spartan_cam/spartan_cam.srcs/sources_1/bd/system/ip/system_dlmb_v10_0/system_dlmb_v10_0/system_dlmb_v10_0_in_context.xdc] for cell 'system_i/microblaze_0_local_memory/dlmb_v10'
Parsing XDC File [e:/Desktop/night0717/spartan_cam/spartan_cam.srcs/sources_1/bd/system/ip/system_ilmb_v10_0/system_ilmb_v10_0/system_dlmb_v10_0_in_context.xdc] for cell 'system_i/microblaze_0_local_memory/ilmb_v10'
Finished Parsing XDC File [e:/Desktop/night0717/spartan_cam/spartan_cam.srcs/sources_1/bd/system/ip/system_ilmb_v10_0/system_ilmb_v10_0/system_dlmb_v10_0_in_context.xdc] for cell 'system_i/microblaze_0_local_memory/ilmb_v10'
Parsing XDC File [e:/Desktop/night0717/spartan_cam/spartan_cam.srcs/sources_1/bd/system/ip/system_dlmb_bram_if_cntlr_0/system_dlmb_bram_if_cntlr_0/system_dlmb_bram_if_cntlr_0_in_context.xdc] for cell 'system_i/microblaze_0_local_memory/dlmb_bram_if_cntlr'
Finished Parsing XDC File [e:/Desktop/night0717/spartan_cam/spartan_cam.srcs/sources_1/bd/system/ip/system_dlmb_bram_if_cntlr_0/system_dlmb_bram_if_cntlr_0/system_dlmb_bram_if_cntlr_0_in_context.xdc] for cell 'system_i/microblaze_0_local_memory/dlmb_bram_if_cntlr'
Parsing XDC File [e:/Desktop/night0717/spartan_cam/spartan_cam.srcs/sources_1/bd/system/ip/system_ilmb_bram_if_cntlr_0/system_ilmb_bram_if_cntlr_0/system_ilmb_bram_if_cntlr_0_in_context.xdc] for cell 'system_i/microblaze_0_local_memory/ilmb_bram_if_cntlr'
Finished Parsing XDC File [e:/Desktop/night0717/spartan_cam/spartan_cam.srcs/sources_1/bd/system/ip/system_ilmb_bram_if_cntlr_0/system_ilmb_bram_if_cntlr_0/system_ilmb_bram_if_cntlr_0_in_context.xdc] for cell 'system_i/microblaze_0_local_memory/ilmb_bram_if_cntlr'
Parsing XDC File [e:/Desktop/night0717/spartan_cam/spartan_cam.srcs/sources_1/bd/system/ip/system_lmb_bram_0/system_lmb_bram_0/system_lmb_bram_0_in_context.xdc] for cell 'system_i/microblaze_0_local_memory/lmb_bram'
Finished Parsing XDC File [e:/Desktop/night0717/spartan_cam/spartan_cam.srcs/sources_1/bd/system/ip/system_lmb_bram_0/system_lmb_bram_0/system_lmb_bram_0_in_context.xdc] for cell 'system_i/microblaze_0_local_memory/lmb_bram'
Parsing XDC File [e:/Desktop/night0717/spartan_cam/spartan_cam.srcs/sources_1/bd/system/ip/system_axi_iic_0_0/system_axi_iic_0_0/system_axi_iic_0_0_in_context.xdc] for cell 'system_i/axi_iic_0'
Finished Parsing XDC File [e:/Desktop/night0717/spartan_cam/spartan_cam.srcs/sources_1/bd/system/ip/system_axi_iic_0_0/system_axi_iic_0_0/system_axi_iic_0_0_in_context.xdc] for cell 'system_i/axi_iic_0'
Parsing XDC File [e:/Desktop/night0717/spartan_cam/spartan_cam.srcs/sources_1/bd/system/ip/system_csi2dvp_0_0/system_csi2dvp_0_0/system_csi2dvp_0_0_in_context.xdc] for cell 'system_i/csi2dvp_0'
Finished Parsing XDC File [e:/Desktop/night0717/spartan_cam/spartan_cam.srcs/sources_1/bd/system/ip/system_csi2dvp_0_0/system_csi2dvp_0_0/system_csi2dvp_0_0_in_context.xdc] for cell 'system_i/csi2dvp_0'
Parsing XDC File [e:/Desktop/night0717/spartan_cam/spartan_cam.srcs/sources_1/bd/system/ip/system_clk_wiz_1_0/system_clk_wiz_1_0/system_clk_wiz_1_0_in_context.xdc] for cell 'system_i/clk_wiz_1'
Finished Parsing XDC File [e:/Desktop/night0717/spartan_cam/spartan_cam.srcs/sources_1/bd/system/ip/system_clk_wiz_1_0/system_clk_wiz_1_0/system_clk_wiz_1_0_in_context.xdc] for cell 'system_i/clk_wiz_1'
Parsing XDC File [e:/Desktop/night0717/spartan_cam/spartan_cam.srcs/sources_1/bd/system/ip/system_rgb2dvi_0_1/system_rgb2dvi_0_1/system_rgb2dvi_0_1_in_context.xdc] for cell 'system_i/rgb2dvi_0'
Finished Parsing XDC File [e:/Desktop/night0717/spartan_cam/spartan_cam.srcs/sources_1/bd/system/ip/system_rgb2dvi_0_1/system_rgb2dvi_0_1/system_rgb2dvi_0_1_in_context.xdc] for cell 'system_i/rgb2dvi_0'
Parsing XDC File [e:/Desktop/night0717/spartan_cam/spartan_cam.srcs/sources_1/bd/system/ip/system_blk_mem_gen_0_0/system_blk_mem_gen_0_0/system_blk_mem_gen_0_0_in_context.xdc] for cell 'system_i/blk_mem_gen_0'
Finished Parsing XDC File [e:/Desktop/night0717/spartan_cam/spartan_cam.srcs/sources_1/bd/system/ip/system_blk_mem_gen_0_0/system_blk_mem_gen_0_0/system_blk_mem_gen_0_0_in_context.xdc] for cell 'system_i/blk_mem_gen_0'
Parsing XDC File [e:/Desktop/night0717/spartan_cam/spartan_cam.srcs/sources_1/bd/system/ip/system_QR_scan_0_0/system_QR_scan_0_0/system_QR_scan_0_0_in_context.xdc] for cell 'system_i/QR_scan_0'
Finished Parsing XDC File [e:/Desktop/night0717/spartan_cam/spartan_cam.srcs/sources_1/bd/system/ip/system_QR_scan_0_0/system_QR_scan_0_0/system_QR_scan_0_0_in_context.xdc] for cell 'system_i/QR_scan_0'
Parsing XDC File [e:/Desktop/night0717/spartan_cam/spartan_cam.srcs/sources_1/bd/system/ip/system_xlconstant_1_0/system_xlconstant_1_0/system_xlconstant_0_0_in_context.xdc] for cell 'system_i/xlconstant_1'
Finished Parsing XDC File [e:/Desktop/night0717/spartan_cam/spartan_cam.srcs/sources_1/bd/system/ip/system_xlconstant_1_0/system_xlconstant_1_0/system_xlconstant_0_0_in_context.xdc] for cell 'system_i/xlconstant_1'
Parsing XDC File [e:/Desktop/night0717/spartan_cam/spartan_cam.srcs/sources_1/bd/system/ip/system_write_0_0/system_write_0_0/system_write_0_0_in_context.xdc] for cell 'system_i/write_0'
Finished Parsing XDC File [e:/Desktop/night0717/spartan_cam/spartan_cam.srcs/sources_1/bd/system/ip/system_write_0_0/system_write_0_0/system_write_0_0_in_context.xdc] for cell 'system_i/write_0'
Parsing XDC File [e:/Desktop/night0717/spartan_cam/spartan_cam.srcs/sources_1/bd/system/ip/system_xlconstant_2_0/system_xlconstant_2_0/system_xlconstant_2_0_in_context.xdc] for cell 'system_i/xlconstant_2'
Finished Parsing XDC File [e:/Desktop/night0717/spartan_cam/spartan_cam.srcs/sources_1/bd/system/ip/system_xlconstant_2_0/system_xlconstant_2_0/system_xlconstant_2_0_in_context.xdc] for cell 'system_i/xlconstant_2'
Parsing XDC File [e:/Desktop/night0717/spartan_cam/spartan_cam.srcs/sources_1/bd/system/ip/system_led_0_0/system_led_0_0/system_led_0_1_in_context.xdc] for cell 'system_i/led_0'
Finished Parsing XDC File [e:/Desktop/night0717/spartan_cam/spartan_cam.srcs/sources_1/bd/system/ip/system_led_0_0/system_led_0_0/system_led_0_1_in_context.xdc] for cell 'system_i/led_0'
Parsing XDC File [E:/Desktop/night0717/spartan_cam/spartan_cam.srcs/constrs_1/new/system.xdc]
WARNING: [Vivado 12-584] No ports matched 'sw_ColorClear_0'. [E:/Desktop/night0717/spartan_cam/spartan_cam.srcs/constrs_1/new/system.xdc:60]
WARNING: [Vivado 12-584] No ports matched 'btn_ColorExtract_0'. [E:/Desktop/night0717/spartan_cam/spartan_cam.srcs/constrs_1/new/system.xdc:61]
WARNING: [Vivado 12-584] No ports matched 'btn_ColorExtract_0'. [E:/Desktop/night0717/spartan_cam/spartan_cam.srcs/constrs_1/new/system.xdc:62]
WARNING: [Vivado 12-584] No ports matched 'sw_ColorClear_0'. [E:/Desktop/night0717/spartan_cam/spartan_cam.srcs/constrs_1/new/system.xdc:63]
Finished Parsing XDC File [E:/Desktop/night0717/spartan_cam/spartan_cam.srcs/constrs_1/new/system.xdc]
WARNING: [Project 1-498] One or more constraints failed evaluation while reading constraint file [E:/Desktop/night0717/spartan_cam/spartan_cam.srcs/constrs_1/new/system.xdc] and the design contains unresolved black boxes. These constraints will be read post-synthesis (as long as their source constraint file is marked as used_in_implementation) and should be applied correctly then. You should review the constraints listed in the file [.Xil/system_wrapper_propImpl.xdc] and check the run log file to verify that these constraints were correctly applied.
INFO: [Project 1-236] Implementation specific constraints were found while reading constraint file [E:/Desktop/night0717/spartan_cam/spartan_cam.srcs/constrs_1/new/system.xdc]. These constraints will be ignored for synthesis but will be used in implementation. Impacted constraints are listed in the file [.Xil/system_wrapper_propImpl.xdc].
Resolution: To avoid this warning, move constraints listed in [.Xil/system_wrapper_propImpl.xdc] to another XDC file and exclude this new file from synthesis with the used_in_synthesis property (File Properties dialog in GUI) and re-run elaboration/synthesis.
Parsing XDC File [E:/Desktop/night0717/spartan_cam/spartan_cam.runs/synth_1/dont_touch.xdc]
Finished Parsing XDC File [E:/Desktop/night0717/spartan_cam/spartan_cam.runs/synth_1/dont_touch.xdc]
Completed Processing XDC Constraints

INFO: [Project 1-111] Unisim Transformation Summary:
  A total of 2 instances were transformed.
  IOBUF => IOBUF (IBUF, OBUFT): 2 instances

Constraint Validation Runtime : Time (s): cpu = 00:00:00 ; elapsed = 00:00:00.008 . Memory (MB): peak = 735.004 ; gain = 0.000
WARNING: [Timing 38-316] Clock period '20.000' specified during out-of-context synthesis of instance 'system_i/blk_mem_gen_0' at clock pin 'clka' is different from the actual clock period '10.000', this can lead to different synthesis results.
WARNING: [Timing 38-316] Clock period '10.000' specified during out-of-context synthesis of instance 'system_i/csi2dvp_0' at clock pin 's_axis_aclk' is different from the actual clock period '4.761', this can lead to different synthesis results.
WARNING: [Timing 38-316] Clock period '20.000' specified during out-of-context synthesis of instance 'system_i/microblaze_0_local_memory/lmb_bram' at clock pin 'clka' is different from the actual clock period '5.000', this can lead to different synthesis results.
---------------------------------------------------------------------------------
Finished Constraint Validation : Time (s): cpu = 00:00:16 ; elapsed = 00:00:19 . Memory (MB): peak = 735.004 ; gain = 430.348
---------------------------------------------------------------------------------
---------------------------------------------------------------------------------
Start Loading Part and Timing Information
---------------------------------------------------------------------------------
Loading part: xc7s15ftgb196-1
---------------------------------------------------------------------------------
Finished Loading Part and Timing Information : Time (s): cpu = 00:00:16 ; elapsed = 00:00:19 . Memory (MB): peak = 735.004 ; gain = 430.348
---------------------------------------------------------------------------------
---------------------------------------------------------------------------------
Start Applying 'set_property' XDC Constraints
---------------------------------------------------------------------------------
Applied set_property IO_BUFFER_TYPE = NONE for clk_in1_0. (constraint file  e:/Desktop/night0717/spartan_cam/spartan_cam.srcs/sources_1/bd/system/ip/system_clk_wiz_0_1/system_clk_wiz_0_1/system_clk_wiz_0_1_in_context.xdc, line 3).
Applied set_property CLOCK_BUFFER_TYPE = NONE for clk_in1_0. (constraint file  e:/Desktop/night0717/spartan_cam/spartan_cam.srcs/sources_1/bd/system/ip/system_clk_wiz_0_1/system_clk_wiz_0_1/system_clk_wiz_0_1_in_context.xdc, line 4).
Applied set_property IO_BUFFER_TYPE = NONE for clk_rxn_0. (constraint file  e:/Desktop/night0717/spartan_cam/spartan_cam.srcs/sources_1/bd/system/ip/system_csi2_d_phy_rx_0_1/system_csi2_d_phy_rx_0_1/system_csi2_d_phy_rx_0_1_in_context.xdc, line 1).
Applied set_property CLOCK_BUFFER_TYPE = NONE for clk_rxn_0. (constraint file  e:/Desktop/night0717/spartan_cam/spartan_cam.srcs/sources_1/bd/system/ip/system_csi2_d_phy_rx_0_1/system_csi2_d_phy_rx_0_1/system_csi2_d_phy_rx_0_1_in_context.xdc, line 2).
Applied set_property IO_BUFFER_TYPE = NONE for clk_rxp_0. (constraint file  e:/Desktop/night0717/spartan_cam/spartan_cam.srcs/sources_1/bd/system/ip/system_csi2_d_phy_rx_0_1/system_csi2_d_phy_rx_0_1/system_csi2_d_phy_rx_0_1_in_context.xdc, line 3).
Applied set_property CLOCK_BUFFER_TYPE = NONE for clk_rxp_0. (constraint file  e:/Desktop/night0717/spartan_cam/spartan_cam.srcs/sources_1/bd/system/ip/system_csi2_d_phy_rx_0_1/system_csi2_d_phy_rx_0_1/system_csi2_d_phy_rx_0_1_in_context.xdc, line 4).
Applied set_property IO_BUFFER_TYPE = NONE for data_rxn_0[0]. (constraint file  e:/Desktop/night0717/spartan_cam/spartan_cam.srcs/sources_1/bd/system/ip/system_csi2_d_phy_rx_0_1/system_csi2_d_phy_rx_0_1/system_csi2_d_phy_rx_0_1_in_context.xdc, line 5).
Applied set_property CLOCK_BUFFER_TYPE = NONE for data_rxn_0[0]. (constraint file  e:/Desktop/night0717/spartan_cam/spartan_cam.srcs/sources_1/bd/system/ip/system_csi2_d_phy_rx_0_1/system_csi2_d_phy_rx_0_1/system_csi2_d_phy_rx_0_1_in_context.xdc, line 6).
Applied set_property IO_BUFFER_TYPE = NONE for data_rxn_0[1]. (constraint file  e:/Desktop/night0717/spartan_cam/spartan_cam.srcs/sources_1/bd/system/ip/system_csi2_d_phy_rx_0_1/system_csi2_d_phy_rx_0_1/system_csi2_d_phy_rx_0_1_in_context.xdc, line 7).
Applied set_property CLOCK_BUFFER_TYPE = NONE for data_rxn_0[1]. (constraint file  e:/Desktop/night0717/spartan_cam/spartan_cam.srcs/sources_1/bd/system/ip/system_csi2_d_phy_rx_0_1/system_csi2_d_phy_rx_0_1/system_csi2_d_phy_rx_0_1_in_context.xdc, line 8).
Applied set_property IO_BUFFER_TYPE = NONE for data_rxp_0[0]. (constraint file  e:/Desktop/night0717/spartan_cam/spartan_cam.srcs/sources_1/bd/system/ip/system_csi2_d_phy_rx_0_1/system_csi2_d_phy_rx_0_1/system_csi2_d_phy_rx_0_1_in_context.xdc, line 9).
Applied set_property CLOCK_BUFFER_TYPE = NONE for data_rxp_0[0]. (constraint file  e:/Desktop/night0717/spartan_cam/spartan_cam.srcs/sources_1/bd/system/ip/system_csi2_d_phy_rx_0_1/system_csi2_d_phy_rx_0_1/system_csi2_d_phy_rx_0_1_in_context.xdc, line 10).
Applied set_property IO_BUFFER_TYPE = NONE for data_rxp_0[1]. (constraint file  e:/Desktop/night0717/spartan_cam/spartan_cam.srcs/sources_1/bd/system/ip/system_csi2_d_phy_rx_0_1/system_csi2_d_phy_rx_0_1/system_csi2_d_phy_rx_0_1_in_context.xdc, line 11).
Applied set_property CLOCK_BUFFER_TYPE = NONE for data_rxp_0[1]. (constraint file  e:/Desktop/night0717/spartan_cam/spartan_cam.srcs/sources_1/bd/system/ip/system_csi2_d_phy_rx_0_1/system_csi2_d_phy_rx_0_1/system_csi2_d_phy_rx_0_1_in_context.xdc, line 12).
Applied set_property IO_BUFFER_TYPE = NONE for TMDS_0_clk_n. (constraint file  e:/Desktop/night0717/spartan_cam/spartan_cam.srcs/sources_1/bd/system/ip/system_rgb2dvi_0_1/system_rgb2dvi_0_1/system_rgb2dvi_0_1_in_context.xdc, line 2).
Applied set_property CLOCK_BUFFER_TYPE = NONE for TMDS_0_clk_n. (constraint file  e:/Desktop/night0717/spartan_cam/spartan_cam.srcs/sources_1/bd/system/ip/system_rgb2dvi_0_1/system_rgb2dvi_0_1/system_rgb2dvi_0_1_in_context.xdc, line 3).
Applied set_property IO_BUFFER_TYPE = NONE for TMDS_0_clk_p. (constraint file  e:/Desktop/night0717/spartan_cam/spartan_cam.srcs/sources_1/bd/system/ip/system_rgb2dvi_0_1/system_rgb2dvi_0_1/system_rgb2dvi_0_1_in_context.xdc, line 4).
Applied set_property CLOCK_BUFFER_TYPE = NONE for TMDS_0_clk_p. (constraint file  e:/Desktop/night0717/spartan_cam/spartan_cam.srcs/sources_1/bd/system/ip/system_rgb2dvi_0_1/system_rgb2dvi_0_1/system_rgb2dvi_0_1_in_context.xdc, line 5).
Applied set_property IO_BUFFER_TYPE = NONE for TMDS_0_data_n[0]. (constraint file  e:/Desktop/night0717/spartan_cam/spartan_cam.srcs/sources_1/bd/system/ip/system_rgb2dvi_0_1/system_rgb2dvi_0_1/system_rgb2dvi_0_1_in_context.xdc, line 6).
Applied set_property CLOCK_BUFFER_TYPE = NONE for TMDS_0_data_n[0]. (constraint file  e:/Desktop/night0717/spartan_cam/spartan_cam.srcs/sources_1/bd/system/ip/system_rgb2dvi_0_1/system_rgb2dvi_0_1/system_rgb2dvi_0_1_in_context.xdc, line 7).
Applied set_property IO_BUFFER_TYPE = NONE for TMDS_0_data_n[1]. (constraint file  e:/Desktop/night0717/spartan_cam/spartan_cam.srcs/sources_1/bd/system/ip/system_rgb2dvi_0_1/system_rgb2dvi_0_1/system_rgb2dvi_0_1_in_context.xdc, line 8).
Applied set_property CLOCK_BUFFER_TYPE = NONE for TMDS_0_data_n[1]. (constraint file  e:/Desktop/night0717/spartan_cam/spartan_cam.srcs/sources_1/bd/system/ip/system_rgb2dvi_0_1/system_rgb2dvi_0_1/system_rgb2dvi_0_1_in_context.xdc, line 9).
Applied set_property IO_BUFFER_TYPE = NONE for TMDS_0_data_n[2]. (constraint file  e:/Desktop/night0717/spartan_cam/spartan_cam.srcs/sources_1/bd/system/ip/system_rgb2dvi_0_1/system_rgb2dvi_0_1/system_rgb2dvi_0_1_in_context.xdc, line 10).
Applied set_property CLOCK_BUFFER_TYPE = NONE for TMDS_0_data_n[2]. (constraint file  e:/Desktop/night0717/spartan_cam/spartan_cam.srcs/sources_1/bd/system/ip/system_rgb2dvi_0_1/system_rgb2dvi_0_1/system_rgb2dvi_0_1_in_context.xdc, line 11).
Applied set_property IO_BUFFER_TYPE = NONE for TMDS_0_data_p[0]. (constraint file  e:/Desktop/night0717/spartan_cam/spartan_cam.srcs/sources_1/bd/system/ip/system_rgb2dvi_0_1/system_rgb2dvi_0_1/system_rgb2dvi_0_1_in_context.xdc, line 12).
Applied set_property CLOCK_BUFFER_TYPE = NONE for TMDS_0_data_p[0]. (constraint file  e:/Desktop/night0717/spartan_cam/spartan_cam.srcs/sources_1/bd/system/ip/system_rgb2dvi_0_1/system_rgb2dvi_0_1/system_rgb2dvi_0_1_in_context.xdc, line 13).
Applied set_property IO_BUFFER_TYPE = NONE for TMDS_0_data_p[1]. (constraint file  e:/Desktop/night0717/spartan_cam/spartan_cam.srcs/sources_1/bd/system/ip/system_rgb2dvi_0_1/system_rgb2dvi_0_1/system_rgb2dvi_0_1_in_context.xdc, line 14).
Applied set_property CLOCK_BUFFER_TYPE = NONE for TMDS_0_data_p[1]. (constraint file  e:/Desktop/night0717/spartan_cam/spartan_cam.srcs/sources_1/bd/system/ip/system_rgb2dvi_0_1/system_rgb2dvi_0_1/system_rgb2dvi_0_1_in_context.xdc, line 15).
Applied set_property IO_BUFFER_TYPE = NONE for TMDS_0_data_p[2]. (constraint file  e:/Desktop/night0717/spartan_cam/spartan_cam.srcs/sources_1/bd/system/ip/system_rgb2dvi_0_1/system_rgb2dvi_0_1/system_rgb2dvi_0_1_in_context.xdc, line 16).
Applied set_property CLOCK_BUFFER_TYPE = NONE for TMDS_0_data_p[2]. (constraint file  e:/Desktop/night0717/spartan_cam/spartan_cam.srcs/sources_1/bd/system/ip/system_rgb2dvi_0_1/system_rgb2dvi_0_1/system_rgb2dvi_0_1_in_context.xdc, line 17).
Applied set_property DONT_TOUCH = true for system_i. (constraint file  auto generated constraint, line ).
Applied set_property DONT_TOUCH = true for system_i/clk_wiz_0. (constraint file  auto generated constraint, line ).
Applied set_property DONT_TOUCH = true for system_i/xlconstant_0. (constraint file  auto generated constraint, line ).
Applied set_property DONT_TOUCH = true for system_i/csi2_d_phy_rx_0. (constraint file  auto generated constraint, line ).
Applied set_property DONT_TOUCH = true for system_i/csi_to_axis_0. (constraint file  auto generated constraint, line ).
Applied set_property DONT_TOUCH = true for system_i/microblaze_0. (constraint file  auto generated constraint, line ).
Applied set_property DONT_TOUCH = true for system_i/mdm_1. (constraint file  auto generated constraint, line ).
Applied set_property DONT_TOUCH = true for system_i/rst_clk_wiz_0_200M. (constraint file  auto generated constraint, line ).
Applied set_property DONT_TOUCH = true for system_i/microblaze_0_local_memory/dlmb_v10. (constraint file  auto generated constraint, line ).
Applied set_property DONT_TOUCH = true for system_i/microblaze_0_local_memory/ilmb_v10. (constraint file  auto generated constraint, line ).
Applied set_property DONT_TOUCH = true for system_i/microblaze_0_local_memory/dlmb_bram_if_cntlr. (constraint file  auto generated constraint, line ).
Applied set_property DONT_TOUCH = true for system_i/microblaze_0_local_memory/ilmb_bram_if_cntlr. (constraint file  auto generated constraint, line ).
Applied set_property DONT_TOUCH = true for system_i/microblaze_0_local_memory/lmb_bram. (constraint file  auto generated constraint, line ).
Applied set_property DONT_TOUCH = true for system_i/axi_iic_0. (constraint file  auto generated constraint, line ).
Applied set_property DONT_TOUCH = true for system_i/microblaze_0_axi_periph. (constraint file  auto generated constraint, line ).
Applied set_property DONT_TOUCH = true for system_i/csi2dvp_0. (constraint file  auto generated constraint, line ).
Applied set_property DONT_TOUCH = true for system_i/clk_wiz_1. (constraint file  auto generated constraint, line ).
Applied set_property DONT_TOUCH = true for system_i/rgb2dvi_0. (constraint file  auto generated constraint, line ).
Applied set_property DONT_TOUCH = true for system_i/blk_mem_gen_0. (constraint file  auto generated constraint, line ).
Applied set_property DONT_TOUCH = true for system_i/QR_scan_0. (constraint file  auto generated constraint, line ).
Applied set_property DONT_TOUCH = true for system_i/xlconstant_1. (constraint file  auto generated constraint, line ).
Applied set_property DONT_TOUCH = true for system_i/write_0. (constraint file  auto generated constraint, line ).
Applied set_property DONT_TOUCH = true for system_i/xlconstant_2. (constraint file  auto generated constraint, line ).
Applied set_property DONT_TOUCH = true for system_i/led_0. (constraint file  auto generated constraint, line ).
---------------------------------------------------------------------------------
Finished applying 'set_property' XDC Constraints : Time (s): cpu = 00:00:17 ; elapsed = 00:00:19 . Memory (MB): peak = 735.004 ; gain = 430.348
---------------------------------------------------------------------------------
---------------------------------------------------------------------------------
Finished RTL Optimization Phase 2 : Time (s): cpu = 00:00:17 ; elapsed = 00:00:19 . Memory (MB): peak = 735.004 ; gain = 430.348
---------------------------------------------------------------------------------

Report RTL Partitions: 
+-+--------------+------------+----------+
| |RTL Partition |Replication |Instances |
+-+--------------+------------+----------+
+-+--------------+------------+----------+
---------------------------------------------------------------------------------
Start RTL Component Statistics 
---------------------------------------------------------------------------------
Detailed RTL Component Info : 
---------------------------------------------------------------------------------
Finished RTL Component Statistics 
---------------------------------------------------------------------------------
---------------------------------------------------------------------------------
Start RTL Hierarchical Component Statistics 
---------------------------------------------------------------------------------
Hierarchical RTL Component report 
---------------------------------------------------------------------------------
Finished RTL Hierarchical Component Statistics
---------------------------------------------------------------------------------
---------------------------------------------------------------------------------
Start Part Resource Summary
---------------------------------------------------------------------------------
Part Resources:
DSPs: 20 (col length:20)
BRAMs: 20 (col length: RAMB18 20 RAMB36 10)
---------------------------------------------------------------------------------
Finished Part Resource Summary
---------------------------------------------------------------------------------
---------------------------------------------------------------------------------
Start Cross Boundary and Area Optimization
---------------------------------------------------------------------------------
Warning: Parallel synthesis criteria is not met 
WARNING: [Synth 8-3331] design system_microblaze_0_axi_periph_0 has unconnected port ACLK
WARNING: [Synth 8-3331] design system_microblaze_0_axi_periph_0 has unconnected port ARESETN
WARNING: [Synth 8-3331] design system_microblaze_0_axi_periph_0 has unconnected port M00_ACLK
WARNING: [Synth 8-3331] design system_microblaze_0_axi_periph_0 has unconnected port M00_ARESETN
WARNING: [Synth 8-3331] design system_microblaze_0_axi_periph_0 has unconnected port S00_ACLK
WARNING: [Synth 8-3331] design system_microblaze_0_axi_periph_0 has unconnected port S00_ARESETN
---------------------------------------------------------------------------------
Finished Cross Boundary and Area Optimization : Time (s): cpu = 00:00:18 ; elapsed = 00:00:20 . Memory (MB): peak = 735.004 ; gain = 430.348
---------------------------------------------------------------------------------

Report RTL Partitions: 
+-+--------------+------------+----------+
| |RTL Partition |Replication |Instances |
+-+--------------+------------+----------+
+-+--------------+------------+----------+
---------------------------------------------------------------------------------
Start Applying XDC Timing Constraints
---------------------------------------------------------------------------------
INFO: [Synth 8-5578] Moved timing constraint from pin 'system_i/clk_wiz_0/clk_out1' to pin 'system_i/clk_wiz_0/bbstub_clk_out1/O'
INFO: [Synth 8-5578] Moved timing constraint from pin 'system_i/mdm_1/Dbg_Clk_0' to pin 'system_i/mdm_1/bbstub_Dbg_Clk_0/O'
INFO: [Synth 8-5578] Moved timing constraint from pin 'system_i/mdm_1/Dbg_Update_0' to pin 'system_i/mdm_1/bbstub_Dbg_Update_0/O'
INFO: [Synth 8-5578] Moved timing constraint from pin 'system_i/microblaze_0_local_memory/dlmb_bram_if_cntlr/BRAM_Clk_A' to pin 'system_i/microblaze_0_local_memory/dlmb_bram_if_cntlr/bbstub_BRAM_Clk_A/O'
INFO: [Synth 8-5578] Moved timing constraint from pin 'system_i/microblaze_0_local_memory/ilmb_bram_if_cntlr/BRAM_Clk_A' to pin 'system_i/microblaze_0_local_memory/ilmb_bram_if_cntlr/bbstub_BRAM_Clk_A/O'
INFO: [Synth 8-5578] Moved timing constraint from pin 'system_i/clk_wiz_1/clk_in1' to pin 'system_i/csi2_d_phy_rx_0/bbstub_rxbyteclkhs/O'
INFO: [Synth 8-5578] Moved timing constraint from pin 'system_i/clk_wiz_1/clk_out1' to pin 'system_i/clk_wiz_1/bbstub_clk_out1/O'
INFO: [Synth 8-5783] Moving clock source from hierarchical pin 'system_i/clk_wiz_1/clk_in1' to 'system_i/csi2_d_phy_rx_0/bbstub_rxbyteclkhs/O'
INFO: [Synth 8-5578] Moved timing constraint from pin 'system_i/clk_wiz_1/clk_out2' to pin 'system_i/clk_wiz_1/bbstub_clk_out2/O'
INFO: [Synth 8-5783] Moving clock source from hierarchical pin 'system_i/clk_wiz_1/clk_in1' to 'system_i/csi2_d_phy_rx_0/bbstub_rxbyteclkhs/O'
INFO: [Synth 8-5578] Moved timing constraint from pin 'system_i/rgb2dvi_0/SerialClk' to pin 'system_i/clk_wiz_1/bbstub_clk_out2/O'
INFO: [Synth 8-5783] Moving clock source from hierarchical pin 'system_i/rgb2dvi_0/PixelClk' to 'system_i/clk_wiz_1/bbstub_clk_out1/O'
INFO: [Synth 8-5819] Moved 10 constraints on hierarchical pins to their respective driving/loading pins
---------------------------------------------------------------------------------
Finished Applying XDC Timing Constraints : Time (s): cpu = 00:00:28 ; elapsed = 00:00:33 . Memory (MB): peak = 743.797 ; gain = 439.141
---------------------------------------------------------------------------------
---------------------------------------------------------------------------------
Start Timing Optimization
---------------------------------------------------------------------------------
---------------------------------------------------------------------------------
Finished Timing Optimization : Time (s): cpu = 00:00:28 ; elapsed = 00:00:33 . Memory (MB): peak = 744.020 ; gain = 439.363
---------------------------------------------------------------------------------

Report RTL Partitions: 
+-+--------------+------------+----------+
| |RTL Partition |Replication |Instances |
+-+--------------+------------+----------+
+-+--------------+------------+----------+
---------------------------------------------------------------------------------
Start Technology Mapping
---------------------------------------------------------------------------------
---------------------------------------------------------------------------------
Finished Technology Mapping : Time (s): cpu = 00:00:29 ; elapsed = 00:00:33 . Memory (MB): peak = 744.656 ; gain = 440.000
---------------------------------------------------------------------------------

Report RTL Partitions: 
+-+--------------+------------+----------+
| |RTL Partition |Replication |Instances |
+-+--------------+------------+----------+
+-+--------------+------------+----------+
---------------------------------------------------------------------------------
Start IO Insertion
---------------------------------------------------------------------------------
---------------------------------------------------------------------------------
Start Flattening Before IO Insertion
---------------------------------------------------------------------------------
---------------------------------------------------------------------------------
Finished Flattening Before IO Insertion
---------------------------------------------------------------------------------
---------------------------------------------------------------------------------
Start Final Netlist Cleanup
---------------------------------------------------------------------------------
---------------------------------------------------------------------------------
Finished Final Netlist Cleanup
---------------------------------------------------------------------------------
---------------------------------------------------------------------------------
Finished IO Insertion : Time (s): cpu = 00:00:30 ; elapsed = 00:00:34 . Memory (MB): peak = 745.480 ; gain = 440.824
---------------------------------------------------------------------------------

Report Check Netlist: 
+------+------------------+-------+---------+-------+------------------+
|      |Item              |Errors |Warnings |Status |Description       |
+------+------------------+-------+---------+-------+------------------+
|1     |multi_driven_nets |      0|        0|Passed |Multi driven nets |
+------+------------------+-------+---------+-------+------------------+
---------------------------------------------------------------------------------
Start Renaming Generated Instances
---------------------------------------------------------------------------------
---------------------------------------------------------------------------------
Finished Renaming Generated Instances : Time (s): cpu = 00:00:30 ; elapsed = 00:00:34 . Memory (MB): peak = 745.480 ; gain = 440.824
---------------------------------------------------------------------------------

Report RTL Partitions: 
+-+--------------+------------+----------+
| |RTL Partition |Replication |Instances |
+-+--------------+------------+----------+
+-+--------------+------------+----------+
---------------------------------------------------------------------------------
Start Rebuilding User Hierarchy
---------------------------------------------------------------------------------
---------------------------------------------------------------------------------
Finished Rebuilding User Hierarchy : Time (s): cpu = 00:00:30 ; elapsed = 00:00:34 . Memory (MB): peak = 745.480 ; gain = 440.824
---------------------------------------------------------------------------------
---------------------------------------------------------------------------------
Start Renaming Generated Ports
---------------------------------------------------------------------------------
---------------------------------------------------------------------------------
Finished Renaming Generated Ports : Time (s): cpu = 00:00:30 ; elapsed = 00:00:34 . Memory (MB): peak = 745.480 ; gain = 440.824
---------------------------------------------------------------------------------
---------------------------------------------------------------------------------
Start Handling Custom Attributes
---------------------------------------------------------------------------------
---------------------------------------------------------------------------------
Finished Handling Custom Attributes : Time (s): cpu = 00:00:30 ; elapsed = 00:00:34 . Memory (MB): peak = 745.480 ; gain = 440.824
---------------------------------------------------------------------------------
---------------------------------------------------------------------------------
Start Renaming Generated Nets
---------------------------------------------------------------------------------
---------------------------------------------------------------------------------
Finished Renaming Generated Nets : Time (s): cpu = 00:00:30 ; elapsed = 00:00:34 . Memory (MB): peak = 745.480 ; gain = 440.824
---------------------------------------------------------------------------------
---------------------------------------------------------------------------------
Start Writing Synthesis Report
---------------------------------------------------------------------------------

Report BlackBoxes: 
+------+----------------------------+----------+
|      |BlackBox name               |Instances |
+------+----------------------------+----------+
|1     |system_QR_scan_0_0          |         1|
|2     |system_axi_iic_0_0          |         1|
|3     |system_blk_mem_gen_0_0      |         1|
|4     |system_clk_wiz_0_1          |         1|
|5     |system_clk_wiz_1_0          |         1|
|6     |system_csi2_d_phy_rx_0_1    |         1|
|7     |system_csi2dvp_0_0          |         1|
|8     |system_csi_to_axis_0_1      |         1|
|9     |system_led_0_0              |         1|
|10    |system_mdm_1_0              |         1|
|11    |system_microblaze_0_0       |         1|
|12    |system_rgb2dvi_0_1          |         1|
|13    |system_rst_clk_wiz_0_200M_0 |         1|
|14    |system_write_0_0            |         1|
|15    |system_xlconstant_0_0       |         1|
|16    |system_xlconstant_1_0       |         1|
|17    |system_xlconstant_2_0       |         1|
|18    |system_dlmb_bram_if_cntlr_0 |         1|
|19    |system_dlmb_v10_0           |         1|
|20    |system_ilmb_bram_if_cntlr_0 |         1|
|21    |system_ilmb_v10_0           |         1|
|22    |system_lmb_bram_0           |         1|
+------+----------------------------+----------+

Report Cell Usage: 
+------+----------------------------+------+
|      |Cell                        |Count |
+------+----------------------------+------+
|1     |system_QR_scan_0_0          |     1|
|2     |system_axi_iic_0_0          |     1|
|3     |system_blk_mem_gen_0_0      |     1|
|4     |system_clk_wiz_0_1          |     1|
|5     |system_clk_wiz_1_0          |     1|
|6     |system_csi2_d_phy_rx_0_1    |     1|
|7     |system_csi2dvp_0_0          |     1|
|8     |system_csi_to_axis_0_1      |     1|
|9     |system_dlmb_bram_if_cntlr_0 |     1|
|10    |system_dlmb_v10_0           |     1|
|11    |system_ilmb_bram_if_cntlr_0 |     1|
|12    |system_ilmb_v10_0           |     1|
|13    |system_led_0_0              |     1|
|14    |system_lmb_bram_0           |     1|
|15    |system_mdm_1_0              |     1|
|16    |system_microblaze_0_0       |     1|
|17    |system_rgb2dvi_0_1          |     1|
|18    |system_rst_clk_wiz_0_200M_0 |     1|
|19    |system_write_0_0            |     1|
|20    |system_xlconstant_0_0       |     1|
|21    |system_xlconstant_1_0       |     1|
|22    |system_xlconstant_2_0       |     1|
|23    |IBUF                        |     4|
|24    |IOBUF                       |     2|
|25    |OBUF                        |     3|
+------+----------------------------+------+

Report Instance Areas: 
+------+------------------------------+-------------------------------------+------+
|      |Instance                      |Module                               |Cells |
+------+------------------------------+-------------------------------------+------+
|1     |top                           |                                     |   985|
|2     |  system_i                    |system                               |   976|
|3     |    microblaze_0_axi_periph   |system_microblaze_0_axi_periph_0     |     0|
|4     |    microblaze_0_local_memory |microblaze_0_local_memory_imp_OGE0N8 |   496|
+------+------------------------------+-------------------------------------+------+
---------------------------------------------------------------------------------
Finished Writing Synthesis Report : Time (s): cpu = 00:00:30 ; elapsed = 00:00:34 . Memory (MB): peak = 745.480 ; gain = 440.824
---------------------------------------------------------------------------------
Synthesis finished with 0 errors, 0 critical warnings and 6 warnings.
Synthesis Optimization Runtime : Time (s): cpu = 00:00:17 ; elapsed = 00:00:25 . Memory (MB): peak = 745.480 ; gain = 168.859
Synthesis Optimization Complete : Time (s): cpu = 00:00:30 ; elapsed = 00:00:34 . Memory (MB): peak = 745.480 ; gain = 440.824
INFO: [Project 1-571] Translating synthesized netlist
INFO: [Netlist 29-17] Analyzing 6 Unisim elements for replacement
INFO: [Netlist 29-28] Unisim Transformation completed in 0 CPU seconds
INFO: [Project 1-570] Preparing netlist for logic optimization
INFO: [Opt 31-138] Pushed 0 inverter(s) to 0 load pin(s).
INFO: [Project 1-111] Unisim Transformation Summary:
  A total of 2 instances were transformed.
  IOBUF => IOBUF (IBUF, OBUFT): 2 instances

INFO: [Common 17-83] Releasing license: Synthesis
89 Infos, 29 Warnings, 0 Critical Warnings and 0 Errors encountered.
synth_design completed successfully
synth_design: Time (s): cpu = 00:00:32 ; elapsed = 00:00:37 . Memory (MB): peak = 763.723 ; gain = 469.168
WARNING: [Constraints 18-5210] No constraint will be written out.
INFO: [Common 17-1381] The checkpoint 'E:/Desktop/night0717/spartan_cam/spartan_cam.runs/synth_1/system_wrapper.dcp' has been generated.
INFO: [runtcl-4] Executing : report_utilization -file system_wrapper_utilization_synth.rpt -pb system_wrapper_utilization_synth.pb
report_utilization: Time (s): cpu = 00:00:00 ; elapsed = 00:00:00.016 . Memory (MB): peak = 763.973 ; gain = 0.000
INFO: [Common 17-206] Exiting Vivado at Thu Jul 18 09:58:12 2019...
