#-----------------------------------------------------------
# Vivado v2018.2 (64-bit)
# SW Build 2258646 on Thu Jun 14 20:03:12 MDT 2018
# IP Build 2256618 on Thu Jun 14 22:10:49 MDT 2018
# Start of session at: Fri Jul 12 14:54:02 2019
# Process ID: 900
# Current directory: E:/Desktop/spartan_cam
# Command line: vivado.exe -gui_launcher_event rodinguilauncherevent14048 E:\Desktop\spartan_cam\spartan_cam.xpr
# Log file: E:/Desktop/spartan_cam/vivado.log
# Journal file: E:/Desktop/spartan_cam\vivado.jou
#-----------------------------------------------------------
start_gui
open_project E:/Desktop/spartan_cam/spartan_cam.xpr
Scanning sources...
Finished scanning sources
WARNING: [filemgmt 56-3] IP Repository Path: Could not find the directory 'E:/../../color/Digital-Design-Lab-master/Chapter_16/Ball_Tracking/IP_Catalog'.
INFO: [IP_Flow 19-234] Refreshing IP repositories
INFO: [IP_Flow 19-1700] Loaded user IP repository 'e:/Desktop/spartan_cam/ip'.
WARNING: [IP_Flow 19-2248] Failed to load user IP repository 'e:/Desktop/spartan_cam/color/Digital-Design-Lab-master/Chapter_16/Ball_Tracking/IP_Catalog'; Can't find the specified path.
If this directory should no longer be in your list of user repositories, go to the IP Settings dialog and remove it.
INFO: [IP_Flow 19-2313] Loaded Vivado IP repository 'D:/xilinx/Vivado/2018.2/data/ip'.
open_project: Time (s): cpu = 00:00:35 ; elapsed = 00:00:21 . Memory (MB): peak = 840.965 ; gain = 163.223
update_compile_order -fileset sources_1
exit
INFO: [Common 17-206] Exiting Vivado at Fri Jul 12 15:13:37 2019...
